<?xml version="1.0" encoding="UTF-8"?>
<testng-results skipped="0" failed="0" ignored="0" total="1" passed="1">
  <reporter-output>
  </reporter-output>
  <suite name="Phones" duration-ms="85749" started-at="2021-02-07T18:22:28Z" finished-at="2021-02-07T18:23:54Z">
    <groups>
    </groups>
    <test name="GetiPhones" duration-ms="85749" started-at="2021-02-07T18:22:28Z" finished-at="2021-02-07T18:23:54Z">
      <class name="com.flipkart.phones.FilterPhones">
        <test-method status="PASS" signature="beforeClass()[pri:0, instance:com.flipkart.phones.FilterPhones@77cd7a0]" name="beforeClass" is-config="true" duration-ms="59004" started-at="2021-02-07T18:22:28Z" finished-at="2021-02-07T18:23:27Z">
          <reporter-output>
          </reporter-output>
        </test-method> <!-- beforeClass -->
        <test-method status="PASS" signature="fetchIphones()[pri:0, instance:com.flipkart.phones.FilterPhones@77cd7a0]" name="fetchIphones" duration-ms="21628" started-at="2021-02-07T18:23:27Z" finished-at="2021-02-07T18:23:49Z">
          <reporter-output>
          </reporter-output>
        </test-method> <!-- fetchIphones -->
        <test-method status="PASS" signature="afterClass()[pri:0, instance:com.flipkart.phones.FilterPhones@77cd7a0]" name="afterClass" is-config="true" duration-ms="4975" started-at="2021-02-07T18:23:49Z" finished-at="2021-02-07T18:23:54Z">
          <reporter-output>
          </reporter-output>
        </test-method> <!-- afterClass -->
      </class> <!-- com.flipkart.phones.FilterPhones -->
    </test> <!-- GetiPhones -->
  </suite> <!-- Phones -->
</testng-results>
